Loading "scripts/257/covering_sets.dat"

==================================================================
We perform the computations for Theorem 4.6. We verify that the
local covering sets as defined in the file covering_sets.m
(which correspond to the sets given in Theorem 4.6) are correct
and are minimal.
==================================================================

------------------------------------------------------------------
performing computations for the prime 2
------------------------------------------------------------------

valid and minimal covering set the prime 2

------------------------------------------------------------------
performing computations for the prime 3
------------------------------------------------------------------

valid and minimal covering set the prime 3

------------------------------------------------------------------
performing computations for the prime 5
------------------------------------------------------------------

valid and minimal covering set the prime 5

------------------------------------------------------------------
performing computations for the prime 7
------------------------------------------------------------------

valid and minimal covering set the prime 7

done
