--- Warning ---
Page and theorem numbers mentioned below are currently not correct.
---------------


==================================================================
We perform the computations from Proposition C.3.
==================================================================

valid covering set for S_{2,1}
valid covering set for S_{2,oo}


==================================================================
We perform the computations from Proposition C.5.
==================================================================

valid covering set for S_{5,rest}
valid covering set for S_{5,0}
valid covering set for S_{5,1}
valid covering set for S_{5,oo}


==================================================================
We perform the computations from Proposition C.7.
==================================================================

valid covering set for S_{7,rest}
valid covering set for S_{7,0}
valid covering set for S_{7,1}
valid covering set for S_{7,oo}

done
