
==================================================================
We perform the computations from Table 6.2.
==================================================================


------------------------------------------------------------------
performing computations for 1 <= v_p(a) <= 10 and p = 2,5,7
------------------------------------------------------------------
p = 2:..........
p = 5:..........
p = 7:..........

Result:
v_p(a)  1       2       3       4       5       6       7       8       9       10
v_2(d)  6,18    6,8     2,12    6,8     6       6       6       2       6       6
v_5(d)  10      10      10      10      4,6     10      10      10      10      4,6
v_7(d)  1,11    5,9     5,7     5       5       1       5       5       5       5

------------------------------------------------------------------
performing computations for 1 <= v_p(b) <= 4 and p = 2,5,7
------------------------------------------------------------------
p = 2:....
p = 5:....
p = 7:....

Result:
v_p(b)  1       2       3       4
v_2(d)  18      12,14   18      12,14
v_5(d)  4,6     6       4       6
v_7(d)  7,9     7       7       7

------------------------------------------------------------------
performing computations for 1 <= v_p(c) <= 14 and p = 2,5,7
------------------------------------------------------------------
p = 2:..............
p = 5:..............
p = 7:..............

Result:
v_p(c)   1        2        3        4        5        6        7        8        9        10       11       12       13       14
v_2(d)   6,10,20  6,10,12  6,8,18   6,10,12  6,8,16   6,8      0,14     6,10     6,12     6,8      6,10     6,8      6,8      0
v_5(d)   6,8      6,8      6        6        6        0        6        6        6        6        6        6        0        6
v_7(d)   13       13       13       13       13       13       5,7      13       13       13       13       13       13       5,7

done
