--- Warning ---
Page and theorem numbers mentioned below are currently not correct.
---------------

Loading "scripts/257/covering_sets.dat"

==================================================================
We perform the computations from Theorem 5.29.
==================================================================

------------------------------------------------------------------
performing computations for the prime 2
------------------------------------------------------------------

Result verified for 2

------------------------------------------------------------------
performing computations for the prime 3
------------------------------------------------------------------

Result verified for 3

------------------------------------------------------------------
performing computations for the prime 5
------------------------------------------------------------------

Result verified for 5

------------------------------------------------------------------
performing computations for the prime 7
------------------------------------------------------------------

Result verified for 7

------------------------------------------------------------------
performing computations for the prime 11
------------------------------------------------------------------

Result verified for 11

------------------------------------------------------------------
performing computations for the prime 197
------------------------------------------------------------------

Result verified for 197


done
