--- Warning ---
Page and theorem numbers mentioned below are currently not correct.
---------------


==================================================================
We perform the computations for Proposition 6.6. We compute the
possible ramification degrees of the primes 3, 5, and 11 in
A_x^(a,b,c), depending on v_p(a), v_p(b) and v_p(c).
==================================================================


------------------------------------------------------------------
performing computations for v_p(a) > 0 (Table 6.9)
------------------------------------------------------------------
p = 3:..........
p = 5:..........
p = 11:..........

Result:
p        v_p(a)   1        2        3        4        5        6        7        8        9        10
3        v_3(d)   4,14     8,12     8,10     4,6      8,10     4        8        8        4        8
5        v_5(d)   18       18       18       18       8,10     18       18       18       18       8,10
11       v_11(d)  9,19     9,17     5,15     9,13     9,11     9        9        5        9        9

------------------------------------------------------------------
performing computations for v_p(b) > 0 (Table 6.10)
------------------------------------------------------------------

p = 3:......
p = 5:......
p = 11:......

Result:
p        v_p(b)   1        2        3        4        5        6
3        v_3(d)   10,12    10       6,8      10       10       6,8
5        v_5(d)   6,10,12  8,10     8        6        8        8
11       v_11(d)  7,13     9        9        7        9        9

------------------------------------------------------------------
performing computations for v_p(c) > 0 (Table 6.11)
------------------------------------------------------------------

p = 3:...........
p = 5:...........
p = 11:...........

Result:
p        v_p(c)   1        2        3        4        5        6        7        8        9        10       11
3        v_3(d)   10       10,12    10       10       10       0        10       10       10       10       10
5        v_5(d)   10,18    10,16    10,16    10,14    10       10,12    10,12    10       10       0        10
11       v_11(d)  21       21       21       21       21       21       21       21       21       21       9,11

done
