--- Warning ---
Page and theorem numbers mentioned below are currently not correct.
---------------


==================================================================
==================================================================


------------------------------------------------------------------
------------------------------------------------------------------
p = 3:..........
p = 5:..........
p = 7:..........

Result:
v_p(a)  1       2       3       4       5       6       7       8       9       10
v_3(d)  0,10    4,8     4,6     4,6     4,6     0       4       4       4       4
v_5(d)  10      10      10      10      4,6     10      10      10      10      4,6
v_7(d)  1,11    5,9     5,7     5       5       1       5       5       5       5

------------------------------------------------------------------
------------------------------------------------------------------

p = 3:......
p = 5:......
p = 7:......

Result:
v_p(b)  1       2       3       4       5       6
v_3(d)  6,8     6       2,4     6       6       2,4
v_5(d)  2,8     4,6     4       2       4       4
v_7(d)  3,9     5       5       3       5       5

------------------------------------------------------------------
------------------------------------------------------------------

p = 3:.........
p = 5:.........
p = 7:.........

Result:
v_p(c)  1       2       3       4       5       6       7       8       9
v_3(d)  6,10    6,8     6       6       6       0       6       6       6
v_5(d)  6,8     6       6       6       6       0       6       6       6
v_7(d)  13      13      13      13      13      13      5,7     13      13

done
